#
# There is insufficient memory for the Java Runtime Environment to continue.
# Native memory allocation (malloc) failed to allocate 65552 bytes for Chunk::new
# Possible reasons:
#   The system is out of physical RAM or swap space
#   The process is running with CompressedOops enabled, and the Java Heap may be blocking the growth of the native heap
# Possible solutions:
#   Reduce memory load on the system
#   Increase physical memory or swap space
#   Check if swap backing store is full
#   Decrease Java heap size (-Xmx/-Xms)
#   Decrease number of Java threads
#   Decrease Java thread stack sizes (-Xss)
#   Set larger code cache with -XX:ReservedCodeCacheSize=
#   JVM is running with Unscaled Compressed Oops mode in which the Java heap is
#     placed in the first 4GB address space. The Java Heap base address is the
#     maximum limit for the native heap growth. Please use -XX:HeapBaseMinAddress
#     to set the Java Heap base and to place the Java Heap above 4GB virtual address.
# This output file may be truncated or incomplete.
#
#  Out of Memory Error (t:/workspace/open/src/hotspot/share/memory/arena.cpp:196), pid=10796, tid=16492
#
# JRE version: Java(TM) SE Runtime Environment (13.0.1+9) (build 13.0.1+9)
# Java VM: Java HotSpot(TM) 64-Bit Server VM (13.0.1+9, mixed mode, sharing, tiered, compressed oops, g1 gc, windows-amd64)
# No core dump will be written. Minidumps are not enabled by default on client versions of Windows
#

---------------  S U M M A R Y ------------

Command Line: C:\Users\Robin\AppData\Local\Temp\surefire12582750022903260355\surefirebooter10994611447836150086.jar C:\Users\Robin\AppData\Local\Temp\surefire12582750022903260355 2021-05-27T02-20-46_532-jvmRun1 surefire11108251230375206053tmp surefire_017610154589732782239tmp

Host: AMD Ryzen 5 3500U with Radeon Vega Mobile Gfx  , 8 cores, 5G,  Windows 10 , 64 bit Build 19041 (10.0.19041.928)
Time: Thu May 27 02:20:55 2021 GMT Summer Time elapsed time: 8 seconds (0d 0h 0m 8s)

---------------  T H R E A D  ---------------

Current thread (0x00000267b3472800):  JavaThread "C2 CompilerThread0" daemon [_thread_in_native, id=16492, stack(0x000000e977800000,0x000000e977900000)]


Current CompileTask:
C2:   8070 3717       4       org.springframework.beans.factory.support.AbstractBeanFactory::isTypeMatch (607 bytes)

Stack: [0x000000e977800000,0x000000e977900000]
Native frames: (J=compiled Java code, j=interpreted, Vv=VM code, C=native code)
V  [jvm.dll+0x626eca]
V  [jvm.dll+0x772c6a]
V  [jvm.dll+0x77441f]
V  [jvm.dll+0x774a23]
V  [jvm.dll+0x24da58]
V  [jvm.dll+0xc3ae7]
V  [jvm.dll+0xc406c]
V  [jvm.dll+0xc3bcd]
V  [jvm.dll+0x2b4fa4]
V  [jvm.dll+0x2b4e34]
V  [jvm.dll+0x746dc6]
V  [jvm.dll+0x744af7]
V  [jvm.dll+0x65611d]
V  [jvm.dll+0x33ad06]
V  [jvm.dll+0x33f348]
V  [jvm.dll+0x641f3b]
V  [jvm.dll+0x63bc2f]
V  [jvm.dll+0x63b26c]
V  [jvm.dll+0x63910d]
V  [jvm.dll+0x18e1ec]
V  [jvm.dll+0x18ed98]
V  [jvm.dll+0x18ecda]
V  [jvm.dll+0x2beb76]
V  [jvm.dll+0x643fa4]
V  [jvm.dll+0x63bc2f]
V  [jvm.dll+0x63b26c]
V  [jvm.dll+0x63910d]
V  [jvm.dll+0x18e1ec]
V  [jvm.dll+0x2beb76]
V  [jvm.dll+0x643fa4]
V  [jvm.dll+0x63bc2f]
V  [jvm.dll+0x63b26c]
V  [jvm.dll+0x63910d]
V  [jvm.dll+0x18e1ec]
V  [jvm.dll+0x206763]
V  [jvm.dll+0x18b94c]
V  [jvm.dll+0x2159bd]
V  [jvm.dll+0x213e6b]
V  [jvm.dll+0x738b16]
V  [jvm.dll+0x731c0a]
V  [jvm.dll+0x6260c6]
C  [ucrtbase.dll+0x21bb2]
C  [KERNEL32.DLL+0x17034]
C  [ntdll.dll+0x52651]


---------------  P R O C E S S  ---------------

Threads class SMR info:
_java_thread_list=0x00000267b6a21990, length=17, elements={
0x000002679504b800, 0x00000267b3456000, 0x00000267b3459800, 0x00000267b346f800,
0x00000267b3471800, 0x00000267b3472800, 0x00000267b3475000, 0x00000267b347a800,
0x00000267b3ec9000, 0x00000267b3ed3000, 0x00000267b3f4e000, 0x00000267b3f93000,
0x00000267b45d0800, 0x00000267b805f800, 0x00000267b6da0800, 0x00000267b71ce800,
0x00000267b3dfe800
}

Java Threads: ( => current thread )
  0x000002679504b800 JavaThread "main" [_thread_in_vm, id=15736, stack(0x000000e976d00000,0x000000e976e00000)]
  0x00000267b3456000 JavaThread "Reference Handler" daemon [_thread_blocked, id=16776, stack(0x000000e977400000,0x000000e977500000)]
  0x00000267b3459800 JavaThread "Finalizer" daemon [_thread_blocked, id=6600, stack(0x000000e977500000,0x000000e977600000)]
  0x00000267b346f800 JavaThread "Signal Dispatcher" daemon [_thread_blocked, id=8656, stack(0x000000e977600000,0x000000e977700000)]
  0x00000267b3471800 JavaThread "Attach Listener" daemon [_thread_blocked, id=16556, stack(0x000000e977700000,0x000000e977800000)]
=>0x00000267b3472800 JavaThread "C2 CompilerThread0" daemon [_thread_in_native, id=16492, stack(0x000000e977800000,0x000000e977900000)]
  0x00000267b3475000 JavaThread "C1 CompilerThread0" daemon [_thread_blocked, id=17396, stack(0x000000e977900000,0x000000e977a00000)]
  0x00000267b347a800 JavaThread "Sweeper thread" daemon [_thread_blocked, id=14500, stack(0x000000e977a00000,0x000000e977b00000)]
  0x00000267b3ec9000 JavaThread "Service Thread" daemon [_thread_blocked, id=9708, stack(0x000000e977b00000,0x000000e977c00000)]
  0x00000267b3ed3000 JavaThread "Common-Cleaner" daemon [_thread_blocked, id=6968, stack(0x000000e977d00000,0x000000e977e00000)]
  0x00000267b3f4e000 JavaThread "surefire-forkedjvm-command-thread" daemon [_thread_in_native, id=5428, stack(0x000000e977e00000,0x000000e977f00000)]
  0x00000267b3f93000 JavaThread "surefire-forkedjvm-ping-30s" daemon [_thread_blocked, id=16404, stack(0x000000e977f00000,0x000000e978000000)]
  0x00000267b45d0800 JavaThread "Thread-1" daemon [_thread_in_native, id=4280, stack(0x000000e978000000,0x000000e978100000)]
  0x00000267b805f800 JavaThread "Thread-2" daemon [_thread_in_native, id=11852, stack(0x000000e978500000,0x000000e978600000)]
  0x00000267b6da0800 JavaThread "cluster-ClusterId{value='60aef3f62466cf39556a32ff', description='null'}-localhost:8000" daemon [_thread_blocked, id=16132, stack(0x000000e978600000,0x000000e978700000)]
  0x00000267b71ce800 JavaThread "cluster-rtt-ClusterId{value='60aef3f62466cf39556a32ff', description='null'}-localhost:8000" daemon [_thread_blocked, id=16272, stack(0x000000e978700000,0x000000e978800000)]
  0x00000267b3dfe800 JavaThread "C2 CompilerThread1" daemon [_thread_in_native, id=1840, stack(0x000000e978900000,0x000000e978a00000)]

Other Threads:
  0x00000267b3454800 VMThread "VM Thread" [stack: 0x000000e977300000,0x000000e977400000] [id=9652]
  0x00000267b3ecc800 WatcherThread [stack: 0x000000e977c00000,0x000000e977d00000] [id=15364]
  0x0000026795084800 GCTaskThread "GC Thread#0" [stack: 0x000000e976e00000,0x000000e976f00000] [id=6404]
  0x00000267b489c000 GCTaskThread "GC Thread#1" [stack: 0x000000e978100000,0x000000e978200000] [id=9320]
  0x00000267b4d59000 GCTaskThread "GC Thread#2" [stack: 0x000000e978300000,0x000000e978400000] [id=5724]
  0x00000267b4d55800 GCTaskThread "GC Thread#3" [stack: 0x000000e978400000,0x000000e978500000] [id=5716]
  0x0000026795092000 ConcurrentGCThread "G1 Main Marker" [stack: 0x000000e976f00000,0x000000e977000000] [id=5900]
  0x0000026795094000 ConcurrentGCThread "G1 Conc#0" [stack: 0x000000e977000000,0x000000e977100000] [id=5196]
  0x00000267b6782000 ConcurrentGCThread "G1 Conc#1" [stack: 0x000000e978200000,0x000000e978300000] [id=17284]
  0x0000026795118800 ConcurrentGCThread "G1 Refine#0" [stack: 0x000000e977100000,0x000000e977200000] [id=16000]
  0x000002679511b000 ConcurrentGCThread "G1 Young RemSet Sampling" [stack: 0x000000e977200000,0x000000e977300000] [id=15868]

Threads with active compile tasks:
C2 CompilerThread0     8128 3717       4       org.springframework.beans.factory.support.AbstractBeanFactory::isTypeMatch (607 bytes)
C2 CompilerThread1     8128 3692       4       java.util.concurrent.ConcurrentMap::computeIfAbsent (51 bytes)

VM state:not at safepoint (normal execution)

VM Mutex/Monitor currently owned by a thread: None

Heap address: 0x00000000a0e00000, size: 1522 MB, Compressed Oops mode: 32-bit
Narrow klass base: 0x0000000800000000, Narrow klass shift: 3
Compressed class space size: 1073741824 Address: 0x0000000800b40000

Heap:
 garbage-first heap   total 54272K, used 21809K [0x00000000a0e00000, 0x0000000100000000)
  region size 1024K, 10 young (10240K), 4 survivors (4096K)
 Metaspace       used 32144K, capacity 33600K, committed 33712K, reserved 1079296K
  class space    used 4247K, capacity 4837K, committed 4864K, reserved 1048576K
Heap Regions: E=young(eden), S=young(survivor), O=old, HS=humongous(starts), HC=humongous(continues), CS=collection set, F=free, A=archive, TAMS=top-at-mark-start (previous, next)
|   0|0x00000000a0e00000, 0x00000000a0f00000, 0x00000000a0f00000|100%| O|  |TAMS 0x00000000a0f00000, 0x00000000a0e00000| Untracked 
|   1|0x00000000a0f00000, 0x00000000a1000000, 0x00000000a1000000|100%| O|  |TAMS 0x00000000a1000000, 0x00000000a0f00000| Untracked 
|   2|0x00000000a1000000, 0x00000000a1100000, 0x00000000a1100000|100%| O|  |TAMS 0x00000000a1100000, 0x00000000a1000000| Untracked 
|   3|0x00000000a1100000, 0x00000000a1200000, 0x00000000a1200000|100%| O|  |TAMS 0x00000000a112ca00, 0x00000000a1100000| Untracked 
|   4|0x00000000a1200000, 0x00000000a1300000, 0x00000000a1300000|100%| O|  |TAMS 0x00000000a1200000, 0x00000000a1200000| Untracked 
|   5|0x00000000a1300000, 0x00000000a1400000, 0x00000000a1400000|100%| O|  |TAMS 0x00000000a1300000, 0x00000000a1300000| Untracked 
|   6|0x00000000a1400000, 0x00000000a144c600, 0x00000000a1500000| 29%| O|  |TAMS 0x00000000a1400000, 0x00000000a1400000| Untracked 
|   7|0x00000000a1500000, 0x00000000a1600000, 0x00000000a1600000|100%| O|  |TAMS 0x00000000a1500000, 0x00000000a1500000| Untracked 
|   8|0x00000000a1600000, 0x00000000a1700000, 0x00000000a1700000|100%| O|  |TAMS 0x00000000a1600000, 0x00000000a1600000| Untracked 
|   9|0x00000000a1700000, 0x00000000a1800000, 0x00000000a1800000|100%| O|  |TAMS 0x00000000a1700000, 0x00000000a1700000| Untracked 
|  10|0x00000000a1800000, 0x00000000a1900000, 0x00000000a1900000|100%| O|  |TAMS 0x00000000a1800000, 0x00000000a1800000| Untracked 
|  11|0x00000000a1900000, 0x00000000a1a00000, 0x00000000a1a00000|100%| O|  |TAMS 0x00000000a1900000, 0x00000000a1900000| Untracked 
|  12|0x00000000a1a00000, 0x00000000a1b00000, 0x00000000a1b00000|100%| O|  |TAMS 0x00000000a1a00000, 0x00000000a1a00000| Untracked 
|  13|0x00000000a1b00000, 0x00000000a1b00000, 0x00000000a1c00000|  0%| F|  |TAMS 0x00000000a1b00000, 0x00000000a1b00000| Untracked 
|  14|0x00000000a1c00000, 0x00000000a1c00000, 0x00000000a1d00000|  0%| F|  |TAMS 0x00000000a1c00000, 0x00000000a1c00000| Untracked 
|  15|0x00000000a1d00000, 0x00000000a1d00000, 0x00000000a1e00000|  0%| F|  |TAMS 0x00000000a1d00000, 0x00000000a1d00000| Untracked 
|  16|0x00000000a1e00000, 0x00000000a1e00000, 0x00000000a1f00000|  0%| F|  |TAMS 0x00000000a1e00000, 0x00000000a1e00000| Untracked 
|  17|0x00000000a1f00000, 0x00000000a1f00000, 0x00000000a2000000|  0%| F|  |TAMS 0x00000000a1f00000, 0x00000000a1f00000| Untracked 
|  18|0x00000000a2000000, 0x00000000a2000000, 0x00000000a2100000|  0%| F|  |TAMS 0x00000000a2000000, 0x00000000a2000000| Untracked 
|  19|0x00000000a2100000, 0x00000000a2100000, 0x00000000a2200000|  0%| F|  |TAMS 0x00000000a2100000, 0x00000000a2100000| Untracked 
|  20|0x00000000a2200000, 0x00000000a2200000, 0x00000000a2300000|  0%| F|  |TAMS 0x00000000a2200000, 0x00000000a2200000| Untracked 
|  21|0x00000000a2300000, 0x00000000a2300000, 0x00000000a2400000|  0%| F|  |TAMS 0x00000000a2300000, 0x00000000a2300000| Untracked 
|  22|0x00000000a2400000, 0x00000000a2400000, 0x00000000a2500000|  0%| F|  |TAMS 0x00000000a2400000, 0x00000000a2400000| Untracked 
|  23|0x00000000a2500000, 0x00000000a2600000, 0x00000000a2600000|100%| S|CS|TAMS 0x00000000a2500000, 0x00000000a2500000| Complete 
|  24|0x00000000a2600000, 0x00000000a2700000, 0x00000000a2700000|100%| S|CS|TAMS 0x00000000a2600000, 0x00000000a2600000| Complete 
|  25|0x00000000a2700000, 0x00000000a2800000, 0x00000000a2800000|100%| S|CS|TAMS 0x00000000a2700000, 0x00000000a2700000| Complete 
|  26|0x00000000a2800000, 0x00000000a2900000, 0x00000000a2900000|100%| S|CS|TAMS 0x00000000a2800000, 0x00000000a2800000| Complete 
|  27|0x00000000a2900000, 0x00000000a2900000, 0x00000000a2a00000|  0%| F|  |TAMS 0x00000000a2900000, 0x00000000a2900000| Untracked 
|  28|0x00000000a2a00000, 0x00000000a2a00000, 0x00000000a2b00000|  0%| F|  |TAMS 0x00000000a2a00000, 0x00000000a2a00000| Untracked 
|  29|0x00000000a2b00000, 0x00000000a2b00000, 0x00000000a2c00000|  0%| F|  |TAMS 0x00000000a2b00000, 0x00000000a2b00000| Untracked 
|  30|0x00000000a2c00000, 0x00000000a2c00000, 0x00000000a2d00000|  0%| F|  |TAMS 0x00000000a2c00000, 0x00000000a2c00000| Untracked 
|  31|0x00000000a2d00000, 0x00000000a2d00000, 0x00000000a2e00000|  0%| F|  |TAMS 0x00000000a2d00000, 0x00000000a2d00000| Untracked 
|  32|0x00000000a2e00000, 0x00000000a2e00000, 0x00000000a2f00000|  0%| F|  |TAMS 0x00000000a2e00000, 0x00000000a2e00000| Untracked 
|  33|0x00000000a2f00000, 0x00000000a2f00000, 0x00000000a3000000|  0%| F|  |TAMS 0x00000000a2f00000, 0x00000000a2f00000| Untracked 
|  34|0x00000000a3000000, 0x00000000a3000000, 0x00000000a3100000|  0%| F|  |TAMS 0x00000000a3000000, 0x00000000a3000000| Untracked 
|  35|0x00000000a3100000, 0x00000000a3100000, 0x00000000a3200000|  0%| F|  |TAMS 0x00000000a3100000, 0x00000000a3100000| Untracked 
|  36|0x00000000a3200000, 0x00000000a3200000, 0x00000000a3300000|  0%| F|  |TAMS 0x00000000a3200000, 0x00000000a3200000| Untracked 
|  37|0x00000000a3300000, 0x00000000a3300000, 0x00000000a3400000|  0%| F|  |TAMS 0x00000000a3300000, 0x00000000a3300000| Untracked 
|  38|0x00000000a3400000, 0x00000000a3400000, 0x00000000a3500000|  0%| F|  |TAMS 0x00000000a3400000, 0x00000000a3400000| Untracked 
|  39|0x00000000a3500000, 0x00000000a3500000, 0x00000000a3600000|  0%| F|  |TAMS 0x00000000a3500000, 0x00000000a3500000| Untracked 
|  40|0x00000000a3600000, 0x00000000a3600000, 0x00000000a3700000|  0%| F|  |TAMS 0x00000000a3600000, 0x00000000a3600000| Untracked 
|  41|0x00000000a3700000, 0x00000000a3700000, 0x00000000a3800000|  0%| F|  |TAMS 0x00000000a3700000, 0x00000000a3700000| Untracked 
|  42|0x00000000a3800000, 0x00000000a3800000, 0x00000000a3900000|  0%| F|  |TAMS 0x00000000a3800000, 0x00000000a3800000| Untracked 
|  43|0x00000000a3900000, 0x00000000a3900000, 0x00000000a3a00000|  0%| F|  |TAMS 0x00000000a3900000, 0x00000000a3900000| Untracked 
|  44|0x00000000a3a00000, 0x00000000a3a00000, 0x00000000a3b00000|  0%| F|  |TAMS 0x00000000a3a00000, 0x00000000a3a00000| Untracked 
|  45|0x00000000a3b00000, 0x00000000a3b00000, 0x00000000a3c00000|  0%| F|  |TAMS 0x00000000a3b00000, 0x00000000a3b00000| Untracked 
|  46|0x00000000a3c00000, 0x00000000a3c00000, 0x00000000a3d00000|  0%| F|  |TAMS 0x00000000a3c00000, 0x00000000a3c00000| Untracked 
|  51|0x00000000a4100000, 0x00000000a41d38e8, 0x00000000a4200000| 82%| E|  |TAMS 0x00000000a4100000, 0x00000000a4100000| Complete 
|  52|0x00000000a4200000, 0x00000000a4300000, 0x00000000a4300000|100%| E|CS|TAMS 0x00000000a4200000, 0x00000000a4200000| Complete 
|  53|0x00000000a4300000, 0x00000000a4400000, 0x00000000a4400000|100%| E|CS|TAMS 0x00000000a4300000, 0x00000000a4300000| Complete 
|  54|0x00000000a4400000, 0x00000000a4500000, 0x00000000a4500000|100%| E|CS|TAMS 0x00000000a4400000, 0x00000000a4400000| Complete 
|  55|0x00000000a4500000, 0x00000000a4600000, 0x00000000a4600000|100%| E|CS|TAMS 0x00000000a4500000, 0x00000000a4500000| Complete 
|  95|0x00000000a6d00000, 0x00000000a6e00000, 0x00000000a6e00000|100%| E|CS|TAMS 0x00000000a6d00000, 0x00000000a6d00000| Complete 

Card table byte_map: [0x00000267ad450000,0x00000267ad750000] _byte_map_base: 0x00000267acf49000

Marking Bits (Prev, Next): (CMBitMap*) 0x00000267950857c8, (CMBitMap*) 0x0000026795085788
 Prev Bits: [0x00000267af220000, 0x00000267b09e8000)
 Next Bits: [0x00000267ada50000, 0x00000267af218000)

Polling page: 0x0000026795130000

Metaspace:

Usage:
  Non-class:     28.09 MB capacity,    27.25 MB ( 97%) used,   690.55 KB (  2%) free+waste,   165.69 KB ( <1%) overhead. 
      Class:      4.72 MB capacity,     4.15 MB ( 88%) used,   504.89 KB ( 10%) free+waste,    83.81 KB (  2%) overhead. 
       Both:     32.81 MB capacity,    31.40 MB ( 96%) used,     1.17 MB (  4%) free+waste,   249.50 KB ( <1%) overhead. 

Virtual space:
  Non-class space:       30.00 MB reserved,      28.17 MB ( 94%) committed 
      Class space:        1.00 GB reserved,       4.75 MB ( <1%) committed 
             Both:        1.03 GB reserved,      32.92 MB (  3%) committed 

Chunk freelists:
   Non-Class:  21.00 KB
       Class:  0 bytes
        Both:  21.00 KB

MaxMetaspaceSize: 17179869184.00 GB
CompressedClassSpaceSize: 1.00 GB

CodeHeap 'non-profiled nmethods': size=120000Kb used=1729Kb max_used=1729Kb free=118270Kb
 bounds [0x00000267a5050000, 0x00000267a52c0000, 0x00000267ac580000]
CodeHeap 'profiled nmethods': size=120000Kb used=7946Kb max_used=7946Kb free=112053Kb
 bounds [0x000002679db20000, 0x000002679e2f0000, 0x00000267a5050000]
CodeHeap 'non-nmethods': size=5760Kb used=1238Kb max_used=1294Kb free=4521Kb
 bounds [0x000002679d580000, 0x000002679d7f0000, 0x000002679db20000]
 total_blobs=5399 nmethods=3487 adapters=411
 compilation: enabled
              stopped_count=0, restarted_count=0
 full_count=0

Compilation events (20 events):
Event: 8.045 Thread 0x00000267b3475000 3728       1       org.springframework.boot.context.properties.bind.Binder::access$700 (5 bytes)
Event: 8.045 Thread 0x00000267b3475000 nmethod 3728 0x00000267a51fee10 code [0x00000267a51fefa0, 0x00000267a51ff098]
Event: 8.045 Thread 0x00000267b3475000 3734   !   3       org.springframework.beans.CachedIntrospectionResults::buildGenericTypeAwarePropertyDescriptor (62 bytes)
Event: 8.046 Thread 0x00000267b3475000 nmethod 3734 0x000002679e2cc390 code [0x000002679e2cc660, 0x000002679e2cd540]
Event: 8.046 Thread 0x00000267b3475000 3735       3       org.springframework.util.ClassUtils::findMethodCandidatesByName (68 bytes)
Event: 8.047 Thread 0x00000267b3475000 nmethod 3735 0x000002679e2cdb10 code [0x000002679e2cddc0, 0x000002679e2ce8d0]
Event: 8.052 Thread 0x00000267b3475000 3736       1       org.springframework.beans.factory.support.AbstractBeanFactory::getBeanPostProcessors (5 bytes)
Event: 8.052 Thread 0x00000267b3475000 nmethod 3736 0x00000267a51ff110 code [0x00000267a51ff2a0, 0x00000267a51ff3d8]
Event: 8.054 Thread 0x00000267b3475000 3737   !   3       com.sun.proxy.$Proxy39::annotationType (29 bytes)
Event: 8.055 Thread 0x00000267b3475000 nmethod 3737 0x000002679e2ced90 code [0x000002679e2cef60, 0x000002679e2cf400]
Event: 8.055 Thread 0x00000267b3475000 3738       3       java.lang.ThreadLocal$ThreadLocalMap::nextIndex (15 bytes)
Event: 8.055 Thread 0x00000267b3475000 nmethod 3738 0x000002679e2cf590 code [0x000002679e2cf740, 0x000002679e2cf8d8]
Event: 8.060 Thread 0x00000267b3475000 3740       3       java.lang.invoke.Invokers$Holder::linkToTargetMethod (13 bytes)
Event: 8.060 Thread 0x00000267b3475000 nmethod 3740 0x000002679e2cf990 code [0x000002679e2cfb60, 0x000002679e2cfea0]
Event: 8.060 Thread 0x00000267b3475000 3741       3       java.beans.Introspector::getTargetMethodInfo (250 bytes)
Event: 8.061 Thread 0x00000267b3475000 nmethod 3741 0x000002679e2cff90 code [0x000002679e2d0340, 0x000002679e2d1c80]
Event: 8.063 Thread 0x00000267b3475000 3742       3       java.lang.ThreadLocal::set (30 bytes)
Event: 8.063 Thread 0x00000267b3475000 nmethod 3742 0x000002679e2d2410 code [0x000002679e2d25e0, 0x000002679e2d29d0]
Event: 8.066 Thread 0x00000267b3475000 3743   !   3       sun.reflect.misc.ReflectUtil::isPackageAccessible (12 bytes)
Event: 8.066 Thread 0x00000267b3475000 nmethod 3743 0x000002679e2d2b10 code [0x000002679e2d2ce0, 0x000002679e2d3030]

GC Heap History (14 events):
Event: 0.956 GC heap before
{Heap before GC invocations=0 (full 0):
 garbage-first heap   total 98304K, used 23552K [0x00000000a0e00000, 0x0000000100000000)
  region size 1024K, 24 young (24576K), 0 survivors (0K)
 Metaspace       used 4949K, capacity 6960K, committed 7040K, reserved 1056768K
  class space    used 581K, capacity 826K, committed 896K, reserved 1048576K
}
Event: 0.964 GC heap after
{Heap after GC invocations=1 (full 0):
 garbage-first heap   total 98304K, used 6322K [0x00000000a0e00000, 0x0000000100000000)
  region size 1024K, 3 young (3072K), 3 survivors (3072K)
 Metaspace       used 4949K, capacity 6960K, committed 7040K, reserved 1056768K
  class space    used 581K, capacity 826K, committed 896K, reserved 1048576K
}
Event: 2.293 GC heap before
{Heap before GC invocations=1 (full 0):
 garbage-first heap   total 98304K, used 61618K [0x00000000a0e00000, 0x0000000100000000)
  region size 1024K, 57 young (58368K), 3 survivors (3072K)
 Metaspace       used 14521K, capacity 15305K, committed 15488K, reserved 1062912K
  class space    used 1844K, capacity 2152K, committed 2176K, reserved 1048576K
}
Event: 2.302 GC heap after
{Heap after GC invocations=2 (full 0):
 garbage-first heap   total 98304K, used 8792K [0x00000000a0e00000, 0x0000000100000000)
  region size 1024K, 6 young (6144K), 6 survivors (6144K)
 Metaspace       used 14521K, capacity 15305K, committed 15488K, reserved 1062912K
  class space    used 1844K, capacity 2152K, committed 2176K, reserved 1048576K
}
Event: 2.849 GC heap before
{Heap before GC invocations=2 (full 0):
 garbage-first heap   total 98304K, used 47704K [0x00000000a0e00000, 0x0000000100000000)
  region size 1024K, 46 young (47104K), 6 survivors (6144K)
 Metaspace       used 20192K, capacity 21130K, committed 21296K, reserved 1067008K
  class space    used 2559K, capacity 2944K, committed 2944K, reserved 1048576K
}
Event: 2.861 GC heap after
{Heap after GC invocations=3 (full 0):
 garbage-first heap   total 98304K, used 10967K [0x00000000a0e00000, 0x0000000100000000)
  region size 1024K, 5 young (5120K), 5 survivors (5120K)
 Metaspace       used 20192K, capacity 21130K, committed 21296K, reserved 1067008K
  class space    used 2559K, capacity 2944K, committed 2944K, reserved 1048576K
}
Event: 3.553 GC heap before
{Heap before GC invocations=4 (full 0):
 garbage-first heap   total 45056K, used 32471K [0x00000000a0e00000, 0x0000000100000000)
  region size 1024K, 26 young (26624K), 5 survivors (5120K)
 Metaspace       used 22599K, capacity 23702K, committed 23728K, reserved 1069056K
  class space    used 2886K, capacity 3326K, committed 3328K, reserved 1048576K
}
Event: 3.567 GC heap after
{Heap after GC invocations=5 (full 0):
 garbage-first heap   total 45056K, used 11679K [0x00000000a0e00000, 0x0000000100000000)
  region size 1024K, 3 young (3072K), 3 survivors (3072K)
 Metaspace       used 22599K, capacity 23702K, committed 23728K, reserved 1069056K
  class space    used 2886K, capacity 3326K, committed 3328K, reserved 1048576K
}
Event: 3.914 GC heap before
{Heap before GC invocations=5 (full 0):
 garbage-first heap   total 45056K, used 30111K [0x00000000a0e00000, 0x0000000100000000)
  region size 1024K, 21 young (21504K), 3 survivors (3072K)
 Metaspace       used 24511K, capacity 25655K, committed 25904K, reserved 1071104K
  class space    used 3142K, capacity 3588K, committed 3712K, reserved 1048576K
}
Event: 3.924 GC heap after
{Heap after GC invocations=6 (full 0):
 garbage-first heap   total 54272K, used 12909K [0x00000000a0e00000, 0x0000000100000000)
  region size 1024K, 3 young (3072K), 3 survivors (3072K)
 Metaspace       used 24511K, capacity 25655K, committed 25904K, reserved 1071104K
  class space    used 3142K, capacity 3588K, committed 3712K, reserved 1048576K
}
Event: 7.474 GC heap before
{Heap before GC invocations=6 (full 0):
 garbage-first heap   total 54272K, used 35437K [0x00000000a0e00000, 0x0000000100000000)
  region size 1024K, 26 young (26624K), 3 survivors (3072K)
 Metaspace       used 28848K, capacity 30033K, committed 30128K, reserved 1075200K
  class space    used 3777K, capacity 4283K, committed 4352K, reserved 1048576K
}
Event: 7.488 GC heap after
{Heap after GC invocations=7 (full 0):
 garbage-first heap   total 54272K, used 14410K [0x00000000a0e00000, 0x0000000100000000)
  region size 1024K, 3 young (3072K), 3 survivors (3072K)
 Metaspace       used 28848K, capacity 30033K, committed 30128K, reserved 1075200K
  class space    used 3777K, capacity 4283K, committed 4352K, reserved 1048576K
}
Event: 8.006 GC heap before
{Heap before GC invocations=7 (full 0):
 garbage-first heap   total 54272K, used 37962K [0x00000000a0e00000, 0x0000000100000000)
  region size 1024K, 26 young (26624K), 3 survivors (3072K)
 Metaspace       used 31769K, capacity 33129K, committed 33328K, reserved 1077248K
  class space    used 4168K, capacity 4702K, committed 4736K, reserved 1048576K
}
Event: 8.016 GC heap after
{Heap after GC invocations=8 (full 0):
 garbage-first heap   total 54272K, used 16689K [0x00000000a0e00000, 0x0000000100000000)
  region size 1024K, 4 young (4096K), 4 survivors (4096K)
 Metaspace       used 31769K, capacity 33129K, committed 33328K, reserved 1077248K
  class space    used 4168K, capacity 4702K, committed 4736K, reserved 1048576K
}

Deoptimization events (20 events):
Event: 7.936 Thread 0x000002679504b800 Uncommon trap: trap_request=0xffffff45 fr.pc=0x00000267a5103dd0 relative=0x00000000000000b0
Event: 7.936 Thread 0x000002679504b800 Uncommon trap: reason=unstable_if action=reinterpret pc=0x00000267a5103dd0 method=java.nio.Buffer.position(I)Ljava/nio/Buffer; @ 45 c2
Event: 7.936 Thread 0x000002679504b800 DEOPT PACKING pc=0x00000267a5103dd0 sp=0x000000e976dfa2b0
Event: 7.936 Thread 0x000002679504b800 DEOPT UNPACKING pc=0x000002679d5c912f sp=0x000000e976dfa248 mode 2
Event: 8.035 Thread 0x000002679504b800 Uncommon trap: trap_request=0xffffffbe fr.pc=0x00000267a51fd1b0 relative=0x00000000000007f0
Event: 8.035 Thread 0x000002679504b800 Uncommon trap: reason=profile_predicate action=maybe_recompile pc=0x00000267a51fd1b0 method=java.lang.PublicMethods$MethodList.filter([Ljava/lang/reflect/Method;Ljava/lang/String;[Ljava/lang/Class;Z)Ljava/lang/PublicMethods$MethodList; @ 21 c2
Event: 8.035 Thread 0x000002679504b800 DEOPT PACKING pc=0x00000267a51fd1b0 sp=0x000000e976df9960
Event: 8.035 Thread 0x000002679504b800 DEOPT UNPACKING pc=0x000002679d5c912f sp=0x000000e976df9918 mode 2
Event: 8.035 Thread 0x000002679504b800 Uncommon trap: trap_request=0xffffffbe fr.pc=0x00000267a51fd1b0 relative=0x00000000000007f0
Event: 8.035 Thread 0x000002679504b800 Uncommon trap: reason=profile_predicate action=maybe_recompile pc=0x00000267a51fd1b0 method=java.lang.PublicMethods$MethodList.filter([Ljava/lang/reflect/Method;Ljava/lang/String;[Ljava/lang/Class;Z)Ljava/lang/PublicMethods$MethodList; @ 21 c2
Event: 8.035 Thread 0x000002679504b800 DEOPT PACKING pc=0x00000267a51fd1b0 sp=0x000000e976df98b0
Event: 8.035 Thread 0x000002679504b800 DEOPT UNPACKING pc=0x000002679d5c912f sp=0x000000e976df9868 mode 2
Event: 8.035 Thread 0x000002679504b800 Uncommon trap: trap_request=0xffffffbe fr.pc=0x00000267a51fd1b0 relative=0x00000000000007f0
Event: 8.035 Thread 0x000002679504b800 Uncommon trap: reason=profile_predicate action=maybe_recompile pc=0x00000267a51fd1b0 method=java.lang.PublicMethods$MethodList.filter([Ljava/lang/reflect/Method;Ljava/lang/String;[Ljava/lang/Class;Z)Ljava/lang/PublicMethods$MethodList; @ 21 c2
Event: 8.035 Thread 0x000002679504b800 DEOPT PACKING pc=0x00000267a51fd1b0 sp=0x000000e976df9960
Event: 8.035 Thread 0x000002679504b800 DEOPT UNPACKING pc=0x000002679d5c912f sp=0x000000e976df9918 mode 2
Event: 8.048 Thread 0x000002679504b800 Uncommon trap: trap_request=0xffffffbe fr.pc=0x00000267a51fd1b0 relative=0x00000000000007f0
Event: 8.048 Thread 0x000002679504b800 Uncommon trap: reason=profile_predicate action=maybe_recompile pc=0x00000267a51fd1b0 method=java.lang.PublicMethods$MethodList.filter([Ljava/lang/reflect/Method;Ljava/lang/String;[Ljava/lang/Class;Z)Ljava/lang/PublicMethods$MethodList; @ 21 c2
Event: 8.048 Thread 0x000002679504b800 DEOPT PACKING pc=0x00000267a51fd1b0 sp=0x000000e976dfb6e0
Event: 8.048 Thread 0x000002679504b800 DEOPT UNPACKING pc=0x000002679d5c912f sp=0x000000e976dfb698 mode 2

Classes unloaded (0 events):
No events

Classes redefined (0 events):
No events

Internal exceptions (20 events):
Event: 8.036 Thread 0x000002679504b800 Exception <a 'java/lang/ClassNotFoundException'{0x00000000a6def980}: java/lang/ObjectCustomizer> (0x00000000a6def980) 
thrown [t:/workspace/open/src/hotspot/share/classfile/systemDictionary.cpp, line 232]
Event: 8.036 Thread 0x000002679504b800 Exception <a 'java/lang/ClassNotFoundException'{0x00000000a4505e50}: org/springframework/boot/autoconfigure/web/ServerPropertiesCustomizer> (0x00000000a4505e50) 
thrown [t:/workspace/open/src/hotspot/share/classfile/systemDictionary.cpp, line 232]
Event: 8.044 Thread 0x000002679504b800 Exception <a 'java/lang/ClassNotFoundException'{0x00000000a4553648}: java/lang/ObjectCustomizer> (0x00000000a4553648) 
thrown [t:/workspace/open/src/hotspot/share/classfile/systemDictionary.cpp, line 232]
Event: 8.045 Thread 0x000002679504b800 Exception <a 'java/lang/ClassNotFoundException'{0x00000000a4570b28}: org/springframework/boot/autoconfigure/web/servlet/ServletWebServerFactoryCustomizerCustomizer> (0x00000000a4570b28) 
thrown [t:/workspace/open/src/hotspot/share/classfile/systemDictionary.cpp, line 232]
Event: 8.046 Thread 0x000002679504b800 Exception <a 'java/lang/ClassNotFoundException'{0x00000000a4587c90}: org/springframework/boot/web/server/WebServerFactoryCustomizerCustomizer> (0x00000000a4587c90) 
thrown [t:/workspace/open/src/hotspot/share/classfile/systemDictionary.cpp, line 232]
Event: 8.047 Thread 0x000002679504b800 Exception <a 'java/lang/ClassNotFoundException'{0x00000000a4596ee0}: org/springframework/core/OrderedCustomizer> (0x00000000a4596ee0) 
thrown [t:/workspace/open/src/hotspot/share/classfile/systemDictionary.cpp, line 232]
Event: 8.049 Thread 0x000002679504b800 Exception <a 'java/lang/ClassNotFoundException'{0x00000000a459fb30}: java/lang/ObjectCustomizer> (0x00000000a459fb30) 
thrown [t:/workspace/open/src/hotspot/share/classfile/systemDictionary.cpp, line 232]
Event: 8.049 Thread 0x000002679504b800 Exception <a 'java/lang/ClassNotFoundException'{0x00000000a45b9520}: org/springframework/boot/autoconfigure/web/servlet/TomcatServletWebServerFactoryCustomizerCustomizer> (0x00000000a45b9520) 
thrown [t:/workspace/open/src/hotspot/share/classfile/systemDictionary.cpp, line 232]
Event: 8.051 Thread 0x000002679504b800 Exception <a 'java/lang/ClassNotFoundException'{0x00000000a45d06c0}: org/springframework/boot/web/server/WebServerFactoryCustomizerCustomizer> (0x00000000a45d06c0) 
thrown [t:/workspace/open/src/hotspot/share/classfile/systemDictionary.cpp, line 232]
Event: 8.051 Thread 0x000002679504b800 Exception <a 'java/lang/ClassNotFoundException'{0x00000000a45dfa50}: org/springframework/core/OrderedCustomizer> (0x00000000a45dfa50) 
thrown [t:/workspace/open/src/hotspot/share/classfile/systemDictionary.cpp, line 232]
Event: 8.052 Thread 0x000002679504b800 Exception <a 'java/lang/ClassNotFoundException'{0x00000000a45e7190}: java/lang/ObjectCustomizer> (0x00000000a45e7190) 
thrown [t:/workspace/open/src/hotspot/share/classfile/systemDictionary.cpp, line 232]
Event: 8.053 Thread 0x000002679504b800 Exception <a 'java/lang/ClassNotFoundException'{0x00000000a4408c78}: org/springframework/boot/autoconfigure/web/embedded/EmbeddedWebServerFactoryCustomizerAutoConfiguration$TomcatWebServerFactoryCustomizerConfigurationCustomizer> (0x00000000a4408c78) 
thrown [t:/workspace/open/src/hotspot/share/classfile/systemDictionary.cpp, line 232]
Event: 8.056 Thread 0x000002679504b800 Exception <a 'java/lang/ClassNotFoundException'{0x00000000a4418e28}: java/lang/ObjectCustomizer> (0x00000000a4418e28) 
thrown [t:/workspace/open/src/hotspot/share/classfile/systemDictionary.cpp, line 232]
Event: 8.057 Thread 0x000002679504b800 Exception <a 'java/lang/ClassNotFoundException'{0x00000000a4431c28}: org/springframework/boot/autoconfigure/web/embedded/TomcatWebServerFactoryCustomizerCustomizer> (0x00000000a4431c28) 
thrown [t:/workspace/open/src/hotspot/share/classfile/systemDictionary.cpp, line 232]
Event: 8.058 Thread 0x000002679504b800 Exception <a 'java/lang/ClassNotFoundException'{0x00000000a4448d48}: org/springframework/boot/web/server/WebServerFactoryCustomizerCustomizer> (0x00000000a4448d48) 
thrown [t:/workspace/open/src/hotspot/share/classfile/systemDictionary.cpp, line 232]
Event: 8.058 Thread 0x000002679504b800 Exception <a 'java/lang/ClassNotFoundException'{0x00000000a4457e88}: org/springframework/core/OrderedCustomizer> (0x00000000a4457e88) 
thrown [t:/workspace/open/src/hotspot/share/classfile/systemDictionary.cpp, line 232]
Event: 8.060 Thread 0x000002679504b800 Exception <a 'java/lang/ClassNotFoundException'{0x00000000a44600b0}: java/lang/ObjectCustomizer> (0x00000000a44600b0) 
thrown [t:/workspace/open/src/hotspot/share/classfile/systemDictionary.cpp, line 232]
Event: 8.062 Thread 0x000002679504b800 Exception <a 'java/lang/ClassNotFoundException'{0x00000000a4478730}: org/springframework/boot/autoconfigure/web/servlet/HttpEncodingAutoConfigurationCustomizer> (0x00000000a4478730) 
thrown [t:/workspace/open/src/hotspot/share/classfile/systemDictionary.cpp, line 232]
Event: 8.064 Thread 0x000002679504b800 Exception <a 'java/lang/ClassNotFoundException'{0x00000000a4481a48}: java/lang/ObjectCustomizer> (0x00000000a4481a48) 
thrown [t:/workspace/open/src/hotspot/share/classfile/systemDictionary.cpp, line 232]
Event: 8.066 Thread 0x000002679504b800 Exception <a 'java/lang/ClassNotFoundException'{0x00000000a449e148}: org/springframework/boot/autoconfigure/web/servlet/HttpEncodingAutoConfiguration$LocaleCharsetMappingsCustomizerCustomizer> (0x00000000a449e148) 
thrown [t:/workspace/open/src/hotspot/share/classfile/systemDictionary.cpp, line 232]

Events (20 events):
Event: 8.060 loading class java/lang/ObjectCustomizer
Event: 8.060 loading class java/lang/ObjectCustomizer done
Event: 8.060 loading class java/lang/ObjectCustomizer
Event: 8.060 loading class java/lang/ObjectCustomizer done
Event: 8.060 loading class org/springframework/boot/autoconfigure/web/servlet/HttpEncodingAutoConfigurationCustomizer
Event: 8.060 loading class org/springframework/boot/autoconfigure/web/servlet/HttpEncodingAutoConfigurationCustomizer done
Event: 8.061 loading class org/springframework/boot/autoconfigure/web/servlet/HttpEncodingAutoConfigurationCustomizer
Event: 8.061 loading class org/springframework/boot/autoconfigure/web/servlet/HttpEncodingAutoConfigurationCustomizer done
Event: 8.061 loading class org/springframework/boot/autoconfigure/web/servlet/HttpEncodingAutoConfigurationCustomizer
Event: 8.061 loading class org/springframework/boot/autoconfigure/web/servlet/HttpEncodingAutoConfigurationCustomizer done
Event: 8.064 loading class java/lang/ObjectCustomizer
Event: 8.064 loading class java/lang/ObjectCustomizer done
Event: 8.064 loading class java/lang/ObjectCustomizer
Event: 8.064 loading class java/lang/ObjectCustomizer done
Event: 8.064 loading class org/springframework/boot/autoconfigure/web/servlet/HttpEncodingAutoConfiguration$LocaleCharsetMappingsCustomizerCustomizer
Event: 8.064 loading class org/springframework/boot/autoconfigure/web/servlet/HttpEncodingAutoConfiguration$LocaleCharsetMappingsCustomizerCustomizer done
Event: 8.065 loading class org/springframework/boot/autoconfigure/web/servlet/HttpEncodingAutoConfiguration$LocaleCharsetMappingsCustomizerCustomizer
Event: 8.065 loading class org/springframework/boot/autoconfigure/web/servlet/HttpEncodingAutoConfiguration$LocaleCharsetMappingsCustomizerCustomizer done
Event: 8.066 loading class org/springframework/boot/autoconfigure/web/servlet/HttpEncodingAutoConfiguration$LocaleCharsetMappingsCustomizerCustomizer
Event: 8.066 loading class org/springframework/boot/autoconfigure/web/servlet/HttpEncodingAutoConfiguration$LocaleCharsetMappingsCustomizerCustomizer done


Dynamic libraries:
0x00007ff745a90000 - 0x00007ff745a9f000 	C:\Program Files\Java\jdk-13.0.1\bin\java.exe
0x00007ffea7690000 - 0x00007ffea7885000 	C:\WINDOWS\SYSTEM32\ntdll.dll
0x00007ffea68a0000 - 0x00007ffea695d000 	C:\WINDOWS\System32\KERNEL32.DLL
0x00007ffea5130000 - 0x00007ffea53f8000 	C:\WINDOWS\System32\KERNELBASE.dll
0x00007ffea5400000 - 0x00007ffea5500000 	C:\WINDOWS\System32\ucrtbase.dll
0x00007ffe9c8d0000 - 0x00007ffe9c8e5000 	C:\Program Files\Java\jdk-13.0.1\bin\VCRUNTIME140.dll
0x00007ffe9b4e0000 - 0x00007ffe9b4f8000 	C:\Program Files\Java\jdk-13.0.1\bin\jli.dll
0x00007ffea6dd0000 - 0x00007ffea6e7c000 	C:\WINDOWS\System32\ADVAPI32.dll
0x00007ffea6720000 - 0x00007ffea67be000 	C:\WINDOWS\System32\msvcrt.dll
0x00007ffea6590000 - 0x00007ffea662b000 	C:\WINDOWS\System32\sechost.dll
0x00007ffea63a0000 - 0x00007ffea64cb000 	C:\WINDOWS\System32\RPCRT4.dll
0x00007ffea6c30000 - 0x00007ffea6dd0000 	C:\WINDOWS\System32\USER32.dll
0x00007ffe9b140000 - 0x00007ffe9b3da000 	C:\WINDOWS\WinSxS\amd64_microsoft.windows.common-controls_6595b64144ccf1df_6.0.19041.844_none_ca00b6081b84eb1d\COMCTL32.dll
0x00007ffea4e20000 - 0x00007ffea4e42000 	C:\WINDOWS\System32\win32u.dll
0x00007ffea5e40000 - 0x00007ffea5e6a000 	C:\WINDOWS\System32\GDI32.dll
0x00007ffea55e0000 - 0x00007ffea56eb000 	C:\WINDOWS\System32\gdi32full.dll
0x00007ffea4ed0000 - 0x00007ffea4f6d000 	C:\WINDOWS\System32\msvcp_win.dll
0x00007ffe9c220000 - 0x00007ffe9c22a000 	C:\WINDOWS\SYSTEM32\VERSION.dll
0x00007ffea6c00000 - 0x00007ffea6c30000 	C:\WINDOWS\System32\IMM32.DLL
0x00007ffe8e9c0000 - 0x00007ffe8ea5b000 	C:\Program Files\Java\jdk-13.0.1\bin\msvcp140.dll
0x00007ffe5e500000 - 0x00007ffe5f066000 	C:\Program Files\Java\jdk-13.0.1\bin\server\jvm.dll
0x00007ffea6f70000 - 0x00007ffea6f78000 	C:\WINDOWS\System32\PSAPI.DLL
0x00007ffe9c1f0000 - 0x00007ffe9c217000 	C:\WINDOWS\SYSTEM32\WINMM.dll
0x00007ffea2260000 - 0x00007ffea2269000 	C:\WINDOWS\SYSTEM32\WSOCK32.dll
0x00007ffea6630000 - 0x00007ffea669b000 	C:\WINDOWS\System32\WS2_32.dll
0x00007ffea2ce0000 - 0x00007ffea2cf2000 	C:\WINDOWS\SYSTEM32\kernel.appcore.dll
0x00007ffea26d0000 - 0x00007ffea26e0000 	C:\Program Files\Java\jdk-13.0.1\bin\verify.dll
0x00007ffe9be80000 - 0x00007ffe9c064000 	C:\WINDOWS\SYSTEM32\DBGHELP.DLL
0x00007ffe9bd10000 - 0x00007ffe9bd3c000 	C:\WINDOWS\SYSTEM32\dbgcore.DLL
0x00007ffea4e50000 - 0x00007ffea4ed0000 	C:\WINDOWS\System32\bcryptPrimitives.dll
0x00007ffe9a930000 - 0x00007ffe9a956000 	C:\Program Files\Java\jdk-13.0.1\bin\java.dll
0x00007ffe9a6d0000 - 0x00007ffe9a6e7000 	C:\Program Files\Java\jdk-13.0.1\bin\zip.dll
0x00007ffea2170000 - 0x00007ffea217a000 	C:\Program Files\Java\jdk-13.0.1\bin\jimage.dll
0x00007ffea56f0000 - 0x00007ffea5e32000 	C:\WINDOWS\System32\SHELL32.dll
0x00007ffea2ee0000 - 0x00007ffea3670000 	C:\WINDOWS\SYSTEM32\windows.storage.dll
0x00007ffea5e90000 - 0x00007ffea61e5000 	C:\WINDOWS\System32\combase.dll
0x00007ffea4770000 - 0x00007ffea479c000 	C:\WINDOWS\SYSTEM32\Wldp.dll
0x00007ffea6af0000 - 0x00007ffea6b9e000 	C:\WINDOWS\System32\SHCORE.dll
0x00007ffea64d0000 - 0x00007ffea6525000 	C:\WINDOWS\System32\shlwapi.dll
0x00007ffea4d10000 - 0x00007ffea4d2f000 	C:\WINDOWS\SYSTEM32\profapi.dll
0x00007ffe996d0000 - 0x00007ffe996e9000 	C:\Program Files\Java\jdk-13.0.1\bin\net.dll
0x00007ffe9b7a0000 - 0x00007ffe9b8ab000 	C:\WINDOWS\SYSTEM32\WINHTTP.dll
0x00007ffea4490000 - 0x00007ffea44fa000 	C:\WINDOWS\system32\mswsock.dll
0x00007ffe996b0000 - 0x00007ffe996c3000 	C:\Program Files\Java\jdk-13.0.1\bin\nio.dll
0x00007ffe9ef30000 - 0x00007ffe9ef39000 	C:\Program Files\Java\jdk-13.0.1\bin\management.dll
0x00007ffe97a90000 - 0x00007ffe97a9b000 	C:\Program Files\Java\jdk-13.0.1\bin\management_ext.dll
0x00007ffe8f6e0000 - 0x00007ffe8f6f7000 	C:\WINDOWS\system32\napinsp.dll
0x00007ffe8f2b0000 - 0x00007ffe8f2cb000 	C:\WINDOWS\system32\pnrpnsp.dll
0x00007ffe8f290000 - 0x00007ffe8f2a5000 	C:\WINDOWS\system32\wshbth.dll
0x00007ffe9eff0000 - 0x00007ffe9f00d000 	C:\WINDOWS\system32\NLAapi.dll
0x00007ffea41a0000 - 0x00007ffea41db000 	C:\WINDOWS\SYSTEM32\IPHLPAPI.DLL
0x00007ffea41e0000 - 0x00007ffea42ac000 	C:\WINDOWS\SYSTEM32\DNSAPI.dll
0x00007ffea6f60000 - 0x00007ffea6f68000 	C:\WINDOWS\System32\NSI.dll
0x00007ffe8f270000 - 0x00007ffe8f282000 	C:\WINDOWS\System32\winrnr.dll
0x00007ffe9a220000 - 0x00007ffe9a22a000 	C:\Windows\System32\rasadhlp.dll
0x00007ffe97920000 - 0x00007ffe9799f000 	C:\WINDOWS\System32\fwpuclnt.dll
0x00007ffea55b0000 - 0x00007ffea55d7000 	C:\WINDOWS\System32\bcrypt.dll
0x00007ffea4640000 - 0x00007ffea4658000 	C:\WINDOWS\SYSTEM32\CRYPTSP.dll
0x00007ffea3e40000 - 0x00007ffea3e74000 	C:\WINDOWS\system32\rsaenh.dll
0x00007ffea4cd0000 - 0x00007ffea4cfe000 	C:\WINDOWS\SYSTEM32\USERENV.dll
0x00007ffea4660000 - 0x00007ffea466c000 	C:\WINDOWS\SYSTEM32\CRYPTBASE.dll
0x00007ffe9df90000 - 0x00007ffe9dfa7000 	C:\WINDOWS\SYSTEM32\dhcpcsvc6.DLL
0x00007ffe9ea60000 - 0x00007ffe9ea7d000 	C:\WINDOWS\SYSTEM32\dhcpcsvc.DLL
0x00007ffea3ad0000 - 0x00007ffea3b03000 	C:\WINDOWS\SYSTEM32\ntmarta.dll
0x00007ffea2640000 - 0x00007ffea26d0000 	C:\WINDOWS\system32\apphelp.dll

dbghelp: loaded successfully - version: 4.0.5 - missing functions: none
symbol engine: initialized successfully - sym options: 0x614 - pdb path: .;C:\Program Files\Java\jdk-13.0.1\bin;C:\WINDOWS\SYSTEM32;C:\WINDOWS\WinSxS\amd64_microsoft.windows.common-controls_6595b64144ccf1df_6.0.19041.844_none_ca00b6081b84eb1d;C:\Program Files\Java\jdk-13.0.1\bin\server

VM Arguments:
java_command: C:\Users\Robin\AppData\Local\Temp\surefire12582750022903260355\surefirebooter10994611447836150086.jar C:\Users\Robin\AppData\Local\Temp\surefire12582750022903260355 2021-05-27T02-20-46_532-jvmRun1 surefire11108251230375206053tmp surefire_017610154589732782239tmp
java_class_path (initial): C:\Users\Robin\AppData\Local\Temp\surefire12582750022903260355\surefirebooter10994611447836150086.jar
Launcher Type: SUN_STANDARD

[Global flags]
     intx CICompilerCount                          = 4                                         {product} {ergonomic}
     uint ConcGCThreads                            = 2                                         {product} {ergonomic}
     uint G1ConcRefinementThreads                  = 8                                         {product} {ergonomic}
   size_t G1HeapRegionSize                         = 1048576                                   {product} {ergonomic}
    uintx GCDrainStackTargetSize                   = 64                                        {product} {ergonomic}
   size_t InitialHeapSize                          = 100663296                                 {product} {ergonomic}
   size_t MarkStackSize                            = 4194304                                   {product} {ergonomic}
   size_t MaxHeapSize                              = 1595932672                                {product} {ergonomic}
   size_t MaxNewSize                               = 957349888                                 {product} {ergonomic}
   size_t MinHeapDeltaBytes                        = 1048576                                   {product} {ergonomic}
   size_t MinHeapSize                              = 8388608                                   {product} {ergonomic}
    uintx NonNMethodCodeHeapSize                   = 5836300                                {pd product} {ergonomic}
    uintx NonProfiledCodeHeapSize                  = 122910970                              {pd product} {ergonomic}
    uintx ProfiledCodeHeapSize                     = 122910970                              {pd product} {ergonomic}
    uintx ReservedCodeCacheSize                    = 251658240                              {pd product} {ergonomic}
     bool SegmentedCodeCache                       = true                                      {product} {ergonomic}
   size_t SoftMaxHeapSize                          = 1595932672                             {manageable} {ergonomic}
     bool UseCompressedClassPointers               = true                                 {lp64_product} {ergonomic}
     bool UseCompressedOops                        = true                                 {lp64_product} {ergonomic}
     bool UseG1GC                                  = true                                      {product} {ergonomic}
     bool UseLargePagesIndividualAllocation        = false                                  {pd product} {ergonomic}

Logging:
Log output configuration:
 #0: stdout all=warning uptime,level,tags
 #1: stderr all=off uptime,level,tags

Environment Variables:
JAVA_HOME=C:\Program Files\Java\jdk-13.0.1
PATH=C:\Windows\System32;C:\WINDOWS\System32\Wbem;C:\WINDOWS\System32\WindowsPowerShell\v1.0\;C:\WINDOWS\System32\OpenSSH\;C:\Program Files\Git\cmd;C:\Program Files\Git\mingw64\bin;C:\Program Files\Git\usr\bin;C:\Program Files\Java\jdk-13.0.1\bin;C:\Program Files\Docker\Docker\resources\bin;C:\ProgramData\DockerDesktop\version-bin;C:\Program Files\apache-maven-3.8.1\bin;C:\Users\Robin\AppData\Local\GitHubDesktop\bin;C:\Users\Robin\AppData\Local\Programs\Microsoft VS Code\bin;
USERNAME=Robin
OS=Windows_NT
PROCESSOR_IDENTIFIER=AMD64 Family 23 Model 24 Stepping 1, AuthenticAMD



---------------  S Y S T E M  ---------------

OS: Windows 10 , 64 bit Build 19041 (10.0.19041.928)
HyperV virtualization detected

CPU:total 8 (initial active 8) (8 cores per cpu, 2 threads per core) family 23 model 24 stepping 1, cmov, cx8, fxsr, mmx, sse, sse2, sse3, ssse3, sse4.1, sse4.2, popcnt, avx, avx2, aes, clmul, mmxext, 3dnowpref, lzcnt, sse4a, ht, tsc, tscinvbit, tscinv, bmi1, bmi2, adx, sha, fma

Memory: 4k page, system-wide physical 6082M (464M free)
TotalPageFile size 24514M (AvailPageFile size 1M)
current process WorkingSet (physical memory assigned to process): 159M, peak: 163M
current process commit charge ("private bytes"): 202M, peak: 233M

vm_info: Java HotSpot(TM) 64-Bit Server VM (13.0.1+9) for windows-amd64 JRE (13.0.1+9), built on Oct  6 2019 12:37:49 by "mach5one" with unknown MS VC++:1916

END.
